\BOOKMARK [0][-]{chapter.1}{\376\377\000S\000D\000L\0002\000M\000e\000\040\000T\000u\000t\000o\000r\000i\000a\000l}{}% 1
\BOOKMARK [1][-]{section.1.1}{\376\377\000I\000n\000t\000r\000o\000d\000u\000c\000t\000i\000o\000n}{chapter.1}% 2
\BOOKMARK [1][-]{section.1.2}{\376\377\000A\000c\000t\000u\000a\000l\000\040\000u\000s\000e\000\040\000e\000x\000a\000m\000p\000l\000e}{chapter.1}% 3
\BOOKMARK [1][-]{section.1.3}{\376\377\000I\000D\000E\000A\000L\000\040\000u\000s\000e\000\040\000e\000x\000a\000m\000p\000l\000e}{chapter.1}% 4
\BOOKMARK [2][-]{subsection.1.3.1}{\376\377\000S\000t\000e\000p\000\040\0001\000:\000\040\000O\000p\000e\000n\000i\000n\000g\000\040\000t\000h\000e\000\040\000b\000o\000x}{section.1.3}% 5
\BOOKMARK [0][-]{chapter.2}{\376\377\000p\000a\000g\000e\0001}{}% 6
\BOOKMARK [0][-]{chapter.3}{\376\377\000F\000u\000n\000c\000t\000i\000o\000n\000s}{}% 7
\BOOKMARK [0][-]{chapter.4}{\376\377\000N\000a\000m\000e\000s\000p\000a\000c\000e\000\040\000I\000n\000d\000e\000x}{}% 8
\BOOKMARK [1][-]{section.4.1}{\376\377\000N\000a\000m\000e\000s\000p\000a\000c\000e\000\040\000L\000i\000s\000t}{chapter.4}% 9
\BOOKMARK [0][-]{chapter.5}{\376\377\000H\000i\000e\000r\000a\000r\000c\000h\000i\000c\000a\000l\000\040\000I\000n\000d\000e\000x}{}% 10
\BOOKMARK [1][-]{section.5.1}{\376\377\000C\000l\000a\000s\000s\000\040\000H\000i\000e\000r\000a\000r\000c\000h\000y}{chapter.5}% 11
\BOOKMARK [0][-]{chapter.6}{\376\377\000C\000l\000a\000s\000s\000\040\000I\000n\000d\000e\000x}{}% 12
\BOOKMARK [1][-]{section.6.1}{\376\377\000C\000l\000a\000s\000s\000\040\000L\000i\000s\000t}{chapter.6}% 13
\BOOKMARK [0][-]{chapter.7}{\376\377\000F\000i\000l\000e\000\040\000I\000n\000d\000e\000x}{}% 14
\BOOKMARK [1][-]{section.7.1}{\376\377\000F\000i\000l\000e\000\040\000L\000i\000s\000t}{chapter.7}% 15
\BOOKMARK [0][-]{chapter.8}{\376\377\000N\000a\000m\000e\000s\000p\000a\000c\000e\000\040\000D\000o\000c\000u\000m\000e\000n\000t\000a\000t\000i\000o\000n}{}% 16
\BOOKMARK [1][-]{section.8.1}{\376\377\000S\0002\000M\000\137\000R\000o\000o\000m\000\040\000N\000a\000m\000e\000s\000p\000a\000c\000e\000\040\000R\000e\000f\000e\000r\000e\000n\000c\000e}{chapter.8}% 17
\BOOKMARK [2][-]{subsection.8.1.1}{\376\377\000D\000e\000t\000a\000i\000l\000e\000d\000\040\000D\000e\000s\000c\000r\000i\000p\000t\000i\000o\000n}{section.8.1}% 18
\BOOKMARK [2][-]{subsection.8.1.2}{\376\377\000F\000u\000n\000c\000t\000i\000o\000n\000\040\000D\000o\000c\000u\000m\000e\000n\000t\000a\000t\000i\000o\000n}{section.8.1}% 19
\BOOKMARK [3][-]{subsubsection.8.1.2.1}{\376\377\000A\000d\000d\000B\000a\000c\000k\000g\000r\000o\000u\000n\000d}{subsection.8.1.2}% 20
\BOOKMARK [3][-]{subsubsection.8.1.2.2}{\376\377\000L\000o\000a\000d\000S\000c\000r\000i\000p\000t}{subsection.8.1.2}% 21
\BOOKMARK [3][-]{subsubsection.8.1.2.3}{\376\377\000L\000o\000a\000d\000S\000c\000r\000i\000p\000t}{subsection.8.1.2}% 22
\BOOKMARK [1][-]{section.8.2}{\376\377\000S\0002\000M\000\137\000S\000c\000r\000i\000p\000t\000\040\000N\000a\000m\000e\000s\000p\000a\000c\000e\000\040\000R\000e\000f\000e\000r\000e\000n\000c\000e}{chapter.8}% 23
\BOOKMARK [2][-]{subsection.8.2.1}{\376\377\000D\000e\000t\000a\000i\000l\000e\000d\000\040\000D\000e\000s\000c\000r\000i\000p\000t\000i\000o\000n}{section.8.2}% 24
\BOOKMARK [2][-]{subsection.8.2.2}{\376\377\000F\000u\000n\000c\000t\000i\000o\000n\000\040\000D\000o\000c\000u\000m\000e\000n\000t\000a\000t\000i\000o\000n}{section.8.2}% 25
\BOOKMARK [3][-]{subsubsection.8.2.2.1}{\376\377\000F\000i\000n\000d\000A\000l\000l\000S\000t\000r\000i\000n\000g\000s}{subsection.8.2.2}% 26
\BOOKMARK [3][-]{subsubsection.8.2.2.2}{\376\377\000P\000a\000r\000s\000e\000C\000o\000m\000m\000a\000n\000d}{subsection.8.2.2}% 27
\BOOKMARK [3][-]{subsubsection.8.2.2.3}{\376\377\000P\000a\000r\000s\000e\000F\000i\000l\000e}{subsection.8.2.2}% 28
\BOOKMARK [3][-]{subsubsection.8.2.2.4}{\376\377\000R\000e\000a\000d\000F\000i\000l\000e}{subsection.8.2.2}% 29
\BOOKMARK [3][-]{subsubsection.8.2.2.5}{\376\377\000S\000p\000l\000i\000t\000S\000t\000r\000i\000n\000g}{subsection.8.2.2}% 30
\BOOKMARK [3][-]{subsubsection.8.2.2.6}{\376\377\000S\000p\000l\000i\000t\000S\000t\000r\000i\000n\000g}{subsection.8.2.2}% 31
\BOOKMARK [0][-]{chapter.9}{\376\377\000C\000l\000a\000s\000s\000\040\000D\000o\000c\000u\000m\000e\000n\000t\000a\000t\000i\000o\000n}{}% 32
\BOOKMARK [1][-]{section.9.1}{\376\377\000B\000a\000c\000k\000g\000r\000o\000u\000n\000d\000\040\000C\000l\000a\000s\000s\000\040\000R\000e\000f\000e\000r\000e\000n\000c\000e}{chapter.9}% 33
\BOOKMARK [2][-]{subsection.9.1.1}{\376\377\000D\000e\000t\000a\000i\000l\000e\000d\000\040\000D\000e\000s\000c\000r\000i\000p\000t\000i\000o\000n}{section.9.1}% 34
\BOOKMARK [2][-]{subsection.9.1.2}{\376\377\000C\000o\000n\000s\000t\000r\000u\000c\000t\000o\000r\000\040\000\046\000\040\000D\000e\000s\000t\000r\000u\000c\000t\000o\000r\000\040\000D\000o\000c\000u\000m\000e\000n\000t\000a\000t\000i\000o\000n}{section.9.1}% 35
\BOOKMARK [3][-]{subsubsection.9.1.2.1}{\376\377\000B\000a\000c\000k\000g\000r\000o\000u\000n\000d}{subsection.9.1.2}% 36
\BOOKMARK [3][-]{subsubsection.9.1.2.2}{\376\377\000B\000a\000c\000k\000g\000r\000o\000u\000n\000d}{subsection.9.1.2}% 37
\BOOKMARK [3][-]{subsubsection.9.1.2.3}{\376\377\000B\000a\000c\000k\000g\000r\000o\000u\000n\000d}{subsection.9.1.2}% 38
\BOOKMARK [2][-]{subsection.9.1.3}{\376\377\000M\000e\000m\000b\000e\000r\000\040\000F\000u\000n\000c\000t\000i\000o\000n\000\040\000D\000o\000c\000u\000m\000e\000n\000t\000a\000t\000i\000o\000n}{section.9.1}% 39
\BOOKMARK [3][-]{subsubsection.9.1.3.1}{\376\377\000g\000e\000t\000H\000e\000i\000g\000h\000t}{subsection.9.1.3}% 40
\BOOKMARK [3][-]{subsubsection.9.1.3.2}{\376\377\000g\000e\000t\000W\000i\000d\000t\000h}{subsection.9.1.3}% 41
\BOOKMARK [3][-]{subsubsection.9.1.3.3}{\376\377\000u\000p\000d\000a\000t\000e}{subsection.9.1.3}% 42
\BOOKMARK [2][-]{subsection.9.1.4}{\376\377\000F\000r\000i\000e\000n\000d\000s\000\040\000A\000n\000d\000\040\000R\000e\000l\000a\000t\000e\000d\000\040\000F\000u\000n\000c\000t\000i\000o\000n\000\040\000D\000o\000c\000u\000m\000e\000n\000t\000a\000t\000i\000o\000n}{section.9.1}% 43
\BOOKMARK [3][-]{subsubsection.9.1.4.1}{\376\377\000G\000r\000a\000p\000h\000i\000c\000s}{subsection.9.1.4}% 44
\BOOKMARK [2][-]{subsection.9.1.5}{\376\377\000M\000e\000m\000b\000e\000r\000\040\000D\000a\000t\000a\000\040\000D\000o\000c\000u\000m\000e\000n\000t\000a\000t\000i\000o\000n}{section.9.1}% 45
\BOOKMARK [3][-]{subsubsection.9.1.5.1}{\376\377\000x}{subsection.9.1.5}% 46
\BOOKMARK [3][-]{subsubsection.9.1.5.2}{\376\377\000x\000s\000p\000e\000e\000d}{subsection.9.1.5}% 47
\BOOKMARK [3][-]{subsubsection.9.1.5.3}{\376\377\000y}{subsection.9.1.5}% 48
\BOOKMARK [3][-]{subsubsection.9.1.5.4}{\376\377\000y\000s\000p\000e\000e\000d}{subsection.9.1.5}% 49
\BOOKMARK [1][-]{section.9.2}{\376\377\000C\000a\000m\000e\000r\000a\000\040\000C\000l\000a\000s\000s\000\040\000R\000e\000f\000e\000r\000e\000n\000c\000e}{chapter.9}% 50
\BOOKMARK [2][-]{subsection.9.2.1}{\376\377\000D\000e\000t\000a\000i\000l\000e\000d\000\040\000D\000e\000s\000c\000r\000i\000p\000t\000i\000o\000n}{section.9.2}% 51
\BOOKMARK [2][-]{subsection.9.2.2}{\376\377\000C\000o\000n\000s\000t\000r\000u\000c\000t\000o\000r\000\040\000\046\000\040\000D\000e\000s\000t\000r\000u\000c\000t\000o\000r\000\040\000D\000o\000c\000u\000m\000e\000n\000t\000a\000t\000i\000o\000n}{section.9.2}% 52
\BOOKMARK [3][-]{subsubsection.9.2.2.1}{\376\377\000C\000a\000m\000e\000r\000a}{subsection.9.2.2}% 53
\BOOKMARK [3][-]{subsubsection.9.2.2.2}{\376\377\000C\000a\000m\000e\000r\000a}{subsection.9.2.2}% 54
\BOOKMARK [3][-]{subsubsection.9.2.2.3}{\376\377\000C\000a\000m\000e\000r\000a}{subsection.9.2.2}% 55
\BOOKMARK [2][-]{subsection.9.2.3}{\376\377\000M\000e\000m\000b\000e\000r\000\040\000F\000u\000n\000c\000t\000i\000o\000n\000\040\000D\000o\000c\000u\000m\000e\000n\000t\000a\000t\000i\000o\000n}{section.9.2}% 56
\BOOKMARK [3][-]{subsubsection.9.2.3.1}{\376\377\000g\000o\000T\000o}{subsection.9.2.3}% 57
\BOOKMARK [3][-]{subsubsection.9.2.3.2}{\376\377\000g\000o\000T\000o}{subsection.9.2.3}% 58
\BOOKMARK [3][-]{subsubsection.9.2.3.3}{\376\377\000m\000o\000v\000e}{subsection.9.2.3}% 59
\BOOKMARK [3][-]{subsubsection.9.2.3.4}{\376\377\000s\000e\000t\000S\000p\000e\000e\000d}{subsection.9.2.3}% 60
\BOOKMARK [3][-]{subsubsection.9.2.3.5}{\376\377\000u\000p\000d\000a\000t\000e}{subsection.9.2.3}% 61
\BOOKMARK [2][-]{subsection.9.2.4}{\376\377\000F\000r\000i\000e\000n\000d\000s\000\040\000A\000n\000d\000\040\000R\000e\000l\000a\000t\000e\000d\000\040\000F\000u\000n\000c\000t\000i\000o\000n\000\040\000D\000o\000c\000u\000m\000e\000n\000t\000a\000t\000i\000o\000n}{section.9.2}% 62
\BOOKMARK [3][-]{subsubsection.9.2.4.1}{\376\377\000B\000a\000c\000k\000g\000r\000o\000u\000n\000d}{subsection.9.2.4}% 63
\BOOKMARK [3][-]{subsubsection.9.2.4.2}{\376\377\000G\000r\000a\000p\000h\000i\000c\000s}{subsection.9.2.4}% 64
\BOOKMARK [2][-]{subsection.9.2.5}{\376\377\000M\000e\000m\000b\000e\000r\000\040\000D\000a\000t\000a\000\040\000D\000o\000c\000u\000m\000e\000n\000t\000a\000t\000i\000o\000n}{section.9.2}% 65
\BOOKMARK [3][-]{subsubsection.9.2.5.1}{\376\377\000x}{subsection.9.2.5}% 66
\BOOKMARK [3][-]{subsubsection.9.2.5.2}{\376\377\000x\000s\000p\000e\000e\000d}{subsection.9.2.5}% 67
\BOOKMARK [3][-]{subsubsection.9.2.5.3}{\376\377\000y}{subsection.9.2.5}% 68
\BOOKMARK [3][-]{subsubsection.9.2.5.4}{\376\377\000y\000s\000p\000e\000e\000d}{subsection.9.2.5}% 69
\BOOKMARK [1][-]{section.9.3}{\376\377\000E\000n\000t\000i\000t\000y\000\040\000C\000l\000a\000s\000s\000\040\000R\000e\000f\000e\000r\000e\000n\000c\000e}{chapter.9}% 70
\BOOKMARK [2][-]{subsection.9.3.1}{\376\377\000D\000e\000t\000a\000i\000l\000e\000d\000\040\000D\000e\000s\000c\000r\000i\000p\000t\000i\000o\000n}{section.9.3}% 71
\BOOKMARK [2][-]{subsection.9.3.2}{\376\377\000C\000o\000n\000s\000t\000r\000u\000c\000t\000o\000r\000\040\000\046\000\040\000D\000e\000s\000t\000r\000u\000c\000t\000o\000r\000\040\000D\000o\000c\000u\000m\000e\000n\000t\000a\000t\000i\000o\000n}{section.9.3}% 72
\BOOKMARK [3][-]{subsubsection.9.3.2.1}{\376\377\000E\000n\000t\000i\000t\000y}{subsection.9.3.2}% 73
\BOOKMARK [3][-]{subsubsection.9.3.2.2}{\376\377\000E\000n\000t\000i\000t\000y}{subsection.9.3.2}% 74
\BOOKMARK [2][-]{subsection.9.3.3}{\376\377\000M\000e\000m\000b\000e\000r\000\040\000F\000u\000n\000c\000t\000i\000o\000n\000\040\000D\000o\000c\000u\000m\000e\000n\000t\000a\000t\000i\000o\000n}{section.9.3}% 75
\BOOKMARK [3][-]{subsubsection.9.3.3.1}{\376\377\000u\000p\000d\000a\000t\000e}{subsection.9.3.3}% 76
\BOOKMARK [1][-]{section.9.4}{\376\377\000G\000r\000a\000p\000h\000i\000c\000s\000\040\000C\000l\000a\000s\000s\000\040\000R\000e\000f\000e\000r\000e\000n\000c\000e}{chapter.9}% 77
\BOOKMARK [2][-]{subsection.9.4.1}{\376\377\000D\000e\000t\000a\000i\000l\000e\000d\000\040\000D\000e\000s\000c\000r\000i\000p\000t\000i\000o\000n}{section.9.4}% 78
\BOOKMARK [2][-]{subsection.9.4.2}{\376\377\000C\000o\000n\000s\000t\000r\000u\000c\000t\000o\000r\000\040\000\046\000\040\000D\000e\000s\000t\000r\000u\000c\000t\000o\000r\000\040\000D\000o\000c\000u\000m\000e\000n\000t\000a\000t\000i\000o\000n}{section.9.4}% 79
\BOOKMARK [3][-]{subsubsection.9.4.2.1}{\376\377\000G\000r\000a\000p\000h\000i\000c\000s}{subsection.9.4.2}% 80
\BOOKMARK [3][-]{subsubsection.9.4.2.2}{\376\377\000G\000r\000a\000p\000h\000i\000c\000s}{subsection.9.4.2}% 81
\BOOKMARK [2][-]{subsection.9.4.3}{\376\377\000M\000e\000m\000b\000e\000r\000\040\000F\000u\000n\000c\000t\000i\000o\000n\000\040\000D\000o\000c\000u\000m\000e\000n\000t\000a\000t\000i\000o\000n}{section.9.4}% 82
\BOOKMARK [3][-]{subsubsection.9.4.3.1}{\376\377\000a\000d\000d\000S\000p\000r\000i\000t\000e}{subsection.9.4.3}% 83
\BOOKMARK [3][-]{subsubsection.9.4.3.2}{\376\377\000b\000l\000i\000t\000T\000e\000x\000t\000u\000r\000e}{subsection.9.4.3}% 84
\BOOKMARK [3][-]{subsubsection.9.4.3.3}{\376\377\000b\000l\000i\000t\000T\000e\000x\000t\000u\000r\000e}{subsection.9.4.3}% 85
\BOOKMARK [3][-]{subsubsection.9.4.3.4}{\376\377\000b\000l\000i\000t\000T\000e\000x\000t\000u\000r\000e}{subsection.9.4.3}% 86
\BOOKMARK [3][-]{subsubsection.9.4.3.5}{\376\377\000d\000r\000a\000w\000T\000e\000x\000t\000u\000r\000e}{subsection.9.4.3}% 87
\BOOKMARK [3][-]{subsubsection.9.4.3.6}{\376\377\000l\000o\000a\000d\000T\000e\000x\000t\000u\000r\000e}{subsection.9.4.3}% 88
\BOOKMARK [3][-]{subsubsection.9.4.3.7}{\376\377\000u\000p\000d\000a\000t\000e}{subsection.9.4.3}% 89
\BOOKMARK [2][-]{subsection.9.4.4}{\376\377\000M\000e\000m\000b\000e\000r\000\040\000D\000a\000t\000a\000\040\000D\000o\000c\000u\000m\000e\000n\000t\000a\000t\000i\000o\000n}{section.9.4}% 90
\BOOKMARK [3][-]{subsubsection.9.4.4.1}{\376\377\000g\000a\000m\000e\000H\000e\000i\000g\000h\000t}{subsection.9.4.4}% 91
\BOOKMARK [3][-]{subsubsection.9.4.4.2}{\376\377\000g\000a\000m\000e\000W\000i\000d\000t\000h}{subsection.9.4.4}% 92
\BOOKMARK [3][-]{subsubsection.9.4.4.3}{\376\377\000r\000e\000n\000d\000e\000r\000e\000r}{subsection.9.4.4}% 93
\BOOKMARK [3][-]{subsubsection.9.4.4.4}{\376\377\000w\000i\000n\000d\000o\000w}{subsection.9.4.4}% 94
\BOOKMARK [1][-]{section.9.5}{\376\377\000H\000e\000r\000o\000\040\000C\000l\000a\000s\000s\000\040\000R\000e\000f\000e\000r\000e\000n\000c\000e}{chapter.9}% 95
\BOOKMARK [2][-]{subsection.9.5.1}{\376\377\000D\000e\000t\000a\000i\000l\000e\000d\000\040\000D\000e\000s\000c\000r\000i\000p\000t\000i\000o\000n}{section.9.5}% 96
\BOOKMARK [1][-]{section.9.6}{\376\377\000J\000o\000y\000s\000t\000i\000c\000k\000\040\000C\000l\000a\000s\000s\000\040\000R\000e\000f\000e\000r\000e\000n\000c\000e}{chapter.9}% 97
\BOOKMARK [2][-]{subsection.9.6.1}{\376\377\000D\000e\000t\000a\000i\000l\000e\000d\000\040\000D\000e\000s\000c\000r\000i\000p\000t\000i\000o\000n}{section.9.6}% 98
\BOOKMARK [2][-]{subsection.9.6.2}{\376\377\000M\000e\000m\000b\000e\000r\000\040\000F\000u\000n\000c\000t\000i\000o\000n\000\040\000D\000o\000c\000u\000m\000e\000n\000t\000a\000t\000i\000o\000n}{section.9.6}% 99
\BOOKMARK [3][-]{subsubsection.9.6.2.1}{\376\377\000g\000e\000t\000B\000t\000n}{subsection.9.6.2}% 100
\BOOKMARK [3][-]{subsubsection.9.6.2.2}{\376\377\000g\000e\000t\000D\000i\000r}{subsection.9.6.2}% 101
\BOOKMARK [3][-]{subsubsection.9.6.2.3}{\376\377\000u\000p\000d\000a\000t\000e}{subsection.9.6.2}% 102
\BOOKMARK [1][-]{section.9.7}{\376\377\000N\000P\000C\000\040\000C\000l\000a\000s\000s\000\040\000R\000e\000f\000e\000r\000e\000n\000c\000e}{chapter.9}% 103
\BOOKMARK [2][-]{subsection.9.7.1}{\376\377\000D\000e\000t\000a\000i\000l\000e\000d\000\040\000D\000e\000s\000c\000r\000i\000p\000t\000i\000o\000n}{section.9.7}% 104
\BOOKMARK [1][-]{section.9.8}{\376\377\000O\000b\000j\000e\000c\000t\000\040\000C\000l\000a\000s\000s\000\040\000R\000e\000f\000e\000r\000e\000n\000c\000e}{chapter.9}% 105
\BOOKMARK [2][-]{subsection.9.8.1}{\376\377\000D\000e\000t\000a\000i\000l\000e\000d\000\040\000D\000e\000s\000c\000r\000i\000p\000t\000i\000o\000n}{section.9.8}% 106
\BOOKMARK [2][-]{subsection.9.8.2}{\376\377\000C\000o\000n\000s\000t\000r\000u\000c\000t\000o\000r\000\040\000\046\000\040\000D\000e\000s\000t\000r\000u\000c\000t\000o\000r\000\040\000D\000o\000c\000u\000m\000e\000n\000t\000a\000t\000i\000o\000n}{section.9.8}% 107
\BOOKMARK [3][-]{subsubsection.9.8.2.1}{\376\377\000O\000b\000j\000e\000c\000t}{subsection.9.8.2}% 108
\BOOKMARK [3][-]{subsubsection.9.8.2.2}{\376\377\000O\000b\000j\000e\000c\000t}{subsection.9.8.2}% 109
\BOOKMARK [2][-]{subsection.9.8.3}{\376\377\000M\000e\000m\000b\000e\000r\000\040\000F\000u\000n\000c\000t\000i\000o\000n\000\040\000D\000o\000c\000u\000m\000e\000n\000t\000a\000t\000i\000o\000n}{section.9.8}% 110
\BOOKMARK [3][-]{subsubsection.9.8.3.1}{\376\377\000g\000e\000t\000A\000n\000i\000m\000a\000t\000i\000o\000n}{subsection.9.8.3}% 111
\BOOKMARK [3][-]{subsubsection.9.8.3.2}{\376\377\000g\000e\000t\000D\000e\000p\000t\000h}{subsection.9.8.3}% 112
\BOOKMARK [3][-]{subsubsection.9.8.3.3}{\376\377\000s\000e\000t\000A\000n\000i\000m\000a\000t\000i\000o\000n}{subsection.9.8.3}% 113
\BOOKMARK [3][-]{subsubsection.9.8.3.4}{\376\377\000s\000e\000t\000D\000e\000p\000t\000h}{subsection.9.8.3}% 114
\BOOKMARK [3][-]{subsubsection.9.8.3.5}{\376\377\000u\000p\000d\000a\000t\000e}{subsection.9.8.3}% 115
\BOOKMARK [2][-]{subsection.9.8.4}{\376\377\000F\000r\000i\000e\000n\000d\000s\000\040\000A\000n\000d\000\040\000R\000e\000l\000a\000t\000e\000d\000\040\000F\000u\000n\000c\000t\000i\000o\000n\000\040\000D\000o\000c\000u\000m\000e\000n\000t\000a\000t\000i\000o\000n}{section.9.8}% 116
\BOOKMARK [3][-]{subsubsection.9.8.4.1}{\376\377\000G\000r\000a\000p\000h\000i\000c\000s}{subsection.9.8.4}% 117
\BOOKMARK [3][-]{subsubsection.9.8.4.2}{\376\377\000R\000o\000o\000m\000:\000:\000u\000p\000d\000a\000t\000e}{subsection.9.8.4}% 118
\BOOKMARK [2][-]{subsection.9.8.5}{\376\377\000M\000e\000m\000b\000e\000r\000\040\000D\000a\000t\000a\000\040\000D\000o\000c\000u\000m\000e\000n\000t\000a\000t\000i\000o\000n}{section.9.8}% 119
\BOOKMARK [3][-]{subsubsection.9.8.5.1}{\376\377\000s\000p\000r\000i\000t\000e}{subsection.9.8.5}% 120
\BOOKMARK [3][-]{subsubsection.9.8.5.2}{\376\377\000x}{subsection.9.8.5}% 121
\BOOKMARK [3][-]{subsubsection.9.8.5.3}{\376\377\000y}{subsection.9.8.5}% 122
\BOOKMARK [1][-]{section.9.9}{\376\377\000O\000p\000t\000i\000o\000n\000s\000\040\000C\000l\000a\000s\000s\000\040\000R\000e\000f\000e\000r\000e\000n\000c\000e}{chapter.9}% 123
\BOOKMARK [2][-]{subsection.9.9.1}{\376\377\000D\000e\000t\000a\000i\000l\000e\000d\000\040\000D\000e\000s\000c\000r\000i\000p\000t\000i\000o\000n}{section.9.9}% 124
\BOOKMARK [2][-]{subsection.9.9.2}{\376\377\000C\000o\000n\000s\000t\000r\000u\000c\000t\000o\000r\000\040\000\046\000\040\000D\000e\000s\000t\000r\000u\000c\000t\000o\000r\000\040\000D\000o\000c\000u\000m\000e\000n\000t\000a\000t\000i\000o\000n}{section.9.9}% 125
\BOOKMARK [3][-]{subsubsection.9.9.2.1}{\376\377\000O\000p\000t\000i\000o\000n\000s}{subsection.9.9.2}% 126
\BOOKMARK [2][-]{subsection.9.9.3}{\376\377\000M\000e\000m\000b\000e\000r\000\040\000F\000u\000n\000c\000t\000i\000o\000n\000\040\000D\000o\000c\000u\000m\000e\000n\000t\000a\000t\000i\000o\000n}{section.9.9}% 127
\BOOKMARK [3][-]{subsubsection.9.9.3.1}{\376\377\000g\000e\000t\000S\000c\000a\000l\000e}{subsection.9.9.3}% 128
\BOOKMARK [3][-]{subsubsection.9.9.3.2}{\376\377\000s\000e\000t\000S\000c\000a\000l\000e}{subsection.9.9.3}% 129
\BOOKMARK [1][-]{section.9.10}{\376\377\000R\000o\000o\000m\000\040\000C\000l\000a\000s\000s\000\040\000R\000e\000f\000e\000r\000e\000n\000c\000e}{chapter.9}% 130
\BOOKMARK [2][-]{subsection.9.10.1}{\376\377\000D\000e\000t\000a\000i\000l\000e\000d\000\040\000D\000e\000s\000c\000r\000i\000p\000t\000i\000o\000n}{section.9.10}% 131
\BOOKMARK [2][-]{subsection.9.10.2}{\376\377\000C\000o\000n\000s\000t\000r\000u\000c\000t\000o\000r\000\040\000\046\000\040\000D\000e\000s\000t\000r\000u\000c\000t\000o\000r\000\040\000D\000o\000c\000u\000m\000e\000n\000t\000a\000t\000i\000o\000n}{section.9.10}% 132
\BOOKMARK [3][-]{subsubsection.9.10.2.1}{\376\377\000R\000o\000o\000m}{subsection.9.10.2}% 133
\BOOKMARK [3][-]{subsubsection.9.10.2.2}{\376\377\000R\000o\000o\000m}{subsection.9.10.2}% 134
\BOOKMARK [3][-]{subsubsection.9.10.2.3}{\376\377\000R\000o\000o\000m}{subsection.9.10.2}% 135
\BOOKMARK [3][-]{subsubsection.9.10.2.4}{\376\377\000R\000o\000o\000m}{subsection.9.10.2}% 136
\BOOKMARK [2][-]{subsection.9.10.3}{\376\377\000M\000e\000m\000b\000e\000r\000\040\000F\000u\000n\000c\000t\000i\000o\000n\000\040\000D\000o\000c\000u\000m\000e\000n\000t\000a\000t\000i\000o\000n}{section.9.10}% 137
\BOOKMARK [3][-]{subsubsection.9.10.3.1}{\376\377\000a\000d\000d\000O\000b\000j\000e\000c\000t}{subsection.9.10.3}% 138
\BOOKMARK [3][-]{subsubsection.9.10.3.2}{\376\377\000c\000r\000e\000a\000t\000e\000O\000b\000j\000e\000c\000t}{subsection.9.10.3}% 139
\BOOKMARK [3][-]{subsubsection.9.10.3.3}{\376\377\000g\000e\000t\000H\000e\000i\000g\000h\000t}{subsection.9.10.3}% 140
\BOOKMARK [3][-]{subsubsection.9.10.3.4}{\376\377\000g\000e\000t\000W\000i\000d\000t\000h}{subsection.9.10.3}% 141
\BOOKMARK [3][-]{subsubsection.9.10.3.5}{\376\377\000s\000e\000t\000C\000a\000m\000e\000r\000a}{subsection.9.10.3}% 142
\BOOKMARK [3][-]{subsubsection.9.10.3.6}{\376\377\000u\000p\000d\000a\000t\000e}{subsection.9.10.3}% 143
\BOOKMARK [2][-]{subsection.9.10.4}{\376\377\000F\000r\000i\000e\000n\000d\000s\000\040\000A\000n\000d\000\040\000R\000e\000l\000a\000t\000e\000d\000\040\000F\000u\000n\000c\000t\000i\000o\000n\000\040\000D\000o\000c\000u\000m\000e\000n\000t\000a\000t\000i\000o\000n}{section.9.10}% 144
\BOOKMARK [3][-]{subsubsection.9.10.4.1}{\376\377\000c\000o\000m\000p\000a\000r\000e\000O\000b\000j\000e\000c\000t\000s\000B\000y\000D\000e\000p\000t\000h}{subsection.9.10.4}% 145
\BOOKMARK [3][-]{subsubsection.9.10.4.2}{\376\377\000G\000r\000a\000p\000h\000i\000c\000s}{subsection.9.10.4}% 146
\BOOKMARK [3][-]{subsubsection.9.10.4.3}{\376\377\000S\0002\000M\000\137\000R\000o\000o\000m\000:\000:\000A\000d\000d\000B\000a\000c\000k\000g\000r\000o\000u\000n\000d}{subsection.9.10.4}% 147
\BOOKMARK [3][-]{subsubsection.9.10.4.4}{\376\377\000S\0002\000M\000\137\000R\000o\000o\000m\000:\000:\000L\000o\000a\000d\000S\000c\000r\000i\000p\000t}{subsection.9.10.4}% 148
\BOOKMARK [3][-]{subsubsection.9.10.4.5}{\376\377\000S\0002\000M\000\137\000R\000o\000o\000m\000:\000:\000L\000o\000a\000d\000S\000c\000r\000i\000p\000t}{subsection.9.10.4}% 149
\BOOKMARK [2][-]{subsection.9.10.5}{\376\377\000M\000e\000m\000b\000e\000r\000\040\000D\000a\000t\000a\000\040\000D\000o\000c\000u\000m\000e\000n\000t\000a\000t\000i\000o\000n}{section.9.10}% 150
\BOOKMARK [3][-]{subsubsection.9.10.5.1}{\376\377\000c\000a\000m\000e\000r\000a}{subsection.9.10.5}% 151
\BOOKMARK [1][-]{section.9.11}{\376\377\000S\000p\000r\000i\000t\000e\000\040\000C\000l\000a\000s\000s\000\040\000R\000e\000f\000e\000r\000e\000n\000c\000e}{chapter.9}% 152
\BOOKMARK [2][-]{subsection.9.11.1}{\376\377\000D\000e\000t\000a\000i\000l\000e\000d\000\040\000D\000e\000s\000c\000r\000i\000p\000t\000i\000o\000n}{section.9.11}% 153
\BOOKMARK [2][-]{subsection.9.11.2}{\376\377\000C\000o\000n\000s\000t\000r\000u\000c\000t\000o\000r\000\040\000\046\000\040\000D\000e\000s\000t\000r\000u\000c\000t\000o\000r\000\040\000D\000o\000c\000u\000m\000e\000n\000t\000a\000t\000i\000o\000n}{section.9.11}% 154
\BOOKMARK [3][-]{subsubsection.9.11.2.1}{\376\377\000S\000p\000r\000i\000t\000e}{subsection.9.11.2}% 155
\BOOKMARK [3][-]{subsubsection.9.11.2.2}{\376\377\000S\000p\000r\000i\000t\000e}{subsection.9.11.2}% 156
\BOOKMARK [2][-]{subsection.9.11.3}{\376\377\000M\000e\000m\000b\000e\000r\000\040\000F\000u\000n\000c\000t\000i\000o\000n\000\040\000D\000o\000c\000u\000m\000e\000n\000t\000a\000t\000i\000o\000n}{section.9.11}% 157
\BOOKMARK [3][-]{subsubsection.9.11.3.1}{\376\377\000a\000d\000d\000A\000n\000i\000m\000a\000t\000i\000o\000n}{subsection.9.11.3}% 158
\BOOKMARK [3][-]{subsubsection.9.11.3.2}{\376\377\000a\000d\000d\000O\000b\000j\000e\000c\000t}{subsection.9.11.3}% 159
\BOOKMARK [3][-]{subsubsection.9.11.3.3}{\376\377\000g\000e\000t\000A\000n\000i\000m\000a\000t\000i\000o\000n\000s\000S\000i\000z\000e}{subsection.9.11.3}% 160
\BOOKMARK [3][-]{subsubsection.9.11.3.4}{\376\377\000g\000e\000t\000F\000r\000a\000m\000e}{subsection.9.11.3}% 161
\BOOKMARK [3][-]{subsubsection.9.11.3.5}{\376\377\000g\000e\000t\000H\000e\000i\000g\000h\000t}{subsection.9.11.3}% 162
\BOOKMARK [3][-]{subsubsection.9.11.3.6}{\376\377\000g\000e\000t\000R\000e\000c\000t}{subsection.9.11.3}% 163
\BOOKMARK [3][-]{subsubsection.9.11.3.7}{\376\377\000g\000e\000t\000W\000i\000d\000t\000h}{subsection.9.11.3}% 164
\BOOKMARK [3][-]{subsubsection.9.11.3.8}{\376\377\000o\000p\000e\000r\000a\000t\000o\000r\000[\000]}{subsection.9.11.3}% 165
\BOOKMARK [3][-]{subsubsection.9.11.3.9}{\376\377\000r\000e\000t\000A\000n\000i\000m\000a\000t\000i\000o\000n}{subsection.9.11.3}% 166
\BOOKMARK [3][-]{subsubsection.9.11.3.10}{\376\377\000s\000e\000t\000F\000r\000a\000m\000e}{subsection.9.11.3}% 167
\BOOKMARK [3][-]{subsubsection.9.11.3.11}{\376\377\000u\000p\000d\000a\000t\000e}{subsection.9.11.3}% 168
\BOOKMARK [2][-]{subsection.9.11.4}{\376\377\000F\000r\000i\000e\000n\000d\000s\000\040\000A\000n\000d\000\040\000R\000e\000l\000a\000t\000e\000d\000\040\000F\000u\000n\000c\000t\000i\000o\000n\000\040\000D\000o\000c\000u\000m\000e\000n\000t\000a\000t\000i\000o\000n}{section.9.11}% 169
\BOOKMARK [3][-]{subsubsection.9.11.4.1}{\376\377\000G\000r\000a\000p\000h\000i\000c\000s\000:\000:\000u\000p\000d\000a\000t\000e}{subsection.9.11.4}% 170
\BOOKMARK [3][-]{subsubsection.9.11.4.2}{\376\377\000O\000b\000j\000e\000c\000t\000:\000:\000u\000p\000d\000a\000t\000e}{subsection.9.11.4}% 171
\BOOKMARK [1][-]{section.9.12}{\376\377\000V\000i\000r\000t\000u\000a\000l\000J\000o\000y\000s\000t\000i\000c\000k\000\040\000C\000l\000a\000s\000s\000\040\000R\000e\000f\000e\000r\000e\000n\000c\000e}{chapter.9}% 172
\BOOKMARK [2][-]{subsection.9.12.1}{\376\377\000D\000e\000t\000a\000i\000l\000e\000d\000\040\000D\000e\000s\000c\000r\000i\000p\000t\000i\000o\000n}{section.9.12}% 173
\BOOKMARK [0][-]{chapter.10}{\376\377\000F\000i\000l\000e\000\040\000D\000o\000c\000u\000m\000e\000n\000t\000a\000t\000i\000o\000n}{}% 174
\BOOKMARK [1][-]{section.10.1}{\376\377\000s\000r\000c\000/\000g\000r\000a\000p\000h\000i\000c\000s\000.\000c\000p\000p\000\040\000F\000i\000l\000e\000\040\000R\000e\000f\000e\000r\000e\000n\000c\000e}{chapter.10}% 175
\BOOKMARK [2][-]{subsection.10.1.1}{\376\377\000F\000u\000n\000c\000t\000i\000o\000n\000\040\000D\000o\000c\000u\000m\000e\000n\000t\000a\000t\000i\000o\000n}{section.10.1}% 176
\BOOKMARK [3][-]{subsubsection.10.1.1.1}{\376\377\000S\0002\000M\000\137\000C\000r\000e\000a\000t\000e\000G\000r\000a\000p\000h\000i\000c\000s}{subsection.10.1.1}% 177
\BOOKMARK [3][-]{subsubsection.10.1.1.2}{\376\377\000S\0002\000M\000\137\000C\000r\000e\000a\000t\000e\000S\000p\000r\000i\000t\000e}{subsection.10.1.1}% 178
\BOOKMARK [3][-]{subsubsection.10.1.1.3}{\376\377\000S\0002\000M\000\137\000U\000p\000d\000a\000t\000e\000G\000r\000a\000p\000h\000i\000c\000s}{subsection.10.1.1}% 179
\BOOKMARK [2][-]{subsection.10.1.2}{\376\377\000V\000a\000r\000i\000a\000b\000l\000e\000\040\000D\000o\000c\000u\000m\000e\000n\000t\000a\000t\000i\000o\000n}{section.10.1}% 180
\BOOKMARK [3][-]{subsubsection.10.1.2.1}{\376\377\000g\000G\000r\000a\000p\000h\000i\000c\000s}{subsection.10.1.2}% 181
\BOOKMARK [3][-]{subsubsection.10.1.2.2}{\376\377\000g\000O\000p\000t\000i\000o\000n\000s}{subsection.10.1.2}% 182
\BOOKMARK [1][-]{section.10.2}{\376\377\000s\000r\000c\000/\000g\000r\000a\000p\000h\000i\000c\000s\000.\000h\000\040\000F\000i\000l\000e\000\040\000R\000e\000f\000e\000r\000e\000n\000c\000e}{chapter.10}% 183
\BOOKMARK [2][-]{subsection.10.2.1}{\376\377\000F\000u\000n\000c\000t\000i\000o\000n\000\040\000D\000o\000c\000u\000m\000e\000n\000t\000a\000t\000i\000o\000n}{section.10.2}% 184
\BOOKMARK [3][-]{subsubsection.10.2.1.1}{\376\377\000S\0002\000M\000\137\000C\000r\000e\000a\000t\000e\000G\000r\000a\000p\000h\000i\000c\000s}{subsection.10.2.1}% 185
\BOOKMARK [3][-]{subsubsection.10.2.1.2}{\376\377\000S\0002\000M\000\137\000C\000r\000e\000a\000t\000e\000S\000p\000r\000i\000t\000e}{subsection.10.2.1}% 186
\BOOKMARK [3][-]{subsubsection.10.2.1.3}{\376\377\000S\0002\000M\000\137\000U\000p\000d\000a\000t\000e\000G\000r\000a\000p\000h\000i\000c\000s}{subsection.10.2.1}% 187
\BOOKMARK [2][-]{subsection.10.2.2}{\376\377\000V\000a\000r\000i\000a\000b\000l\000e\000\040\000D\000o\000c\000u\000m\000e\000n\000t\000a\000t\000i\000o\000n}{section.10.2}% 188
\BOOKMARK [3][-]{subsubsection.10.2.2.1}{\376\377\000g\000G\000r\000a\000p\000h\000i\000c\000s}{subsection.10.2.2}% 189
\BOOKMARK [3][-]{subsubsection.10.2.2.2}{\376\377\000g\000O\000p\000t\000i\000o\000n\000s}{subsection.10.2.2}% 190
\BOOKMARK [1][-]{section.10.3}{\376\377\000s\000r\000c\000/\000j\000o\000y\000s\000t\000i\000c\000k\000.\000c\000p\000p\000\040\000F\000i\000l\000e\000\040\000R\000e\000f\000e\000r\000e\000n\000c\000e}{chapter.10}% 191
\BOOKMARK [2][-]{subsection.10.3.1}{\376\377\000V\000a\000r\000i\000a\000b\000l\000e\000\040\000D\000o\000c\000u\000m\000e\000n\000t\000a\000t\000i\000o\000n}{section.10.3}% 192
\BOOKMARK [3][-]{subsubsection.10.3.1.1}{\376\377\000g\000J\000o\000y\000s\000t\000i\000c\000k}{subsection.10.3.1}% 193
\BOOKMARK [1][-]{section.10.4}{\376\377\000s\000r\000c\000/\000j\000o\000y\000s\000t\000i\000c\000k\000.\000h\000\040\000F\000i\000l\000e\000\040\000R\000e\000f\000e\000r\000e\000n\000c\000e}{chapter.10}% 194
\BOOKMARK [2][-]{subsection.10.4.1}{\376\377\000V\000a\000r\000i\000a\000b\000l\000e\000\040\000D\000o\000c\000u\000m\000e\000n\000t\000a\000t\000i\000o\000n}{section.10.4}% 195
\BOOKMARK [3][-]{subsubsection.10.4.1.1}{\376\377\000g\000J\000o\000y\000s\000t\000i\000c\000k}{subsection.10.4.1}% 196
\BOOKMARK [1][-]{section.10.5}{\376\377\000s\000r\000c\000/\000o\000b\000j\000e\000c\000t\000.\000c\000p\000p\000\040\000F\000i\000l\000e\000\040\000R\000e\000f\000e\000r\000e\000n\000c\000e}{chapter.10}% 197
\BOOKMARK [1][-]{section.10.6}{\376\377\000s\000r\000c\000/\000o\000b\000j\000e\000c\000t\000.\000h\000\040\000F\000i\000l\000e\000\040\000R\000e\000f\000e\000r\000e\000n\000c\000e}{chapter.10}% 198
\BOOKMARK [2][-]{subsection.10.6.1}{\376\377\000F\000u\000n\000c\000t\000i\000o\000n\000\040\000D\000o\000c\000u\000m\000e\000n\000t\000a\000t\000i\000o\000n}{section.10.6}% 199
\BOOKMARK [3][-]{subsubsection.10.6.1.1}{\376\377\000c\000o\000m\000p\000a\000r\000e\000O\000b\000j\000e\000c\000t\000s\000B\000y\000D\000e\000p\000t\000h}{subsection.10.6.1}% 200
\BOOKMARK [1][-]{section.10.7}{\376\377\000s\000r\000c\000/\000o\000p\000t\000i\000o\000n\000s\000.\000c\000p\000p\000\040\000F\000i\000l\000e\000\040\000R\000e\000f\000e\000r\000e\000n\000c\000e}{chapter.10}% 201
\BOOKMARK [1][-]{section.10.8}{\376\377\000s\000r\000c\000/\000o\000p\000t\000i\000o\000n\000s\000.\000h\000\040\000F\000i\000l\000e\000\040\000R\000e\000f\000e\000r\000e\000n\000c\000e}{chapter.10}% 202
\BOOKMARK [1][-]{section.10.9}{\376\377\000s\000r\000c\000/\000p\000a\000u\000s\000e\000.\000c\000p\000p\000\040\000F\000i\000l\000e\000\040\000R\000e\000f\000e\000r\000e\000n\000c\000e}{chapter.10}% 203
\BOOKMARK [2][-]{subsection.10.9.1}{\376\377\000F\000u\000n\000c\000t\000i\000o\000n\000\040\000D\000o\000c\000u\000m\000e\000n\000t\000a\000t\000i\000o\000n}{section.10.9}% 204
\BOOKMARK [3][-]{subsubsection.10.9.1.1}{\376\377\000S\0002\000M\000\137\000P\000a\000u\000s\000e\000G\000a\000m\000e}{subsection.10.9.1}% 205
\BOOKMARK [3][-]{subsubsection.10.9.1.2}{\376\377\000S\0002\000M\000\137\000U\000n\000p\000a\000u\000s\000e\000G\000a\000m\000e}{subsection.10.9.1}% 206
\BOOKMARK [2][-]{subsection.10.9.2}{\376\377\000V\000a\000r\000i\000a\000b\000l\000e\000\040\000D\000o\000c\000u\000m\000e\000n\000t\000a\000t\000i\000o\000n}{section.10.9}% 207
\BOOKMARK [3][-]{subsubsection.10.9.2.1}{\376\377\000g\000a\000m\000e\000I\000n\000P\000a\000u\000s\000e}{subsection.10.9.2}% 208
\BOOKMARK [1][-]{section.10.10}{\376\377\000s\000r\000c\000/\000p\000a\000u\000s\000e\000.\000h\000\040\000F\000i\000l\000e\000\040\000R\000e\000f\000e\000r\000e\000n\000c\000e}{chapter.10}% 209
\BOOKMARK [2][-]{subsection.10.10.1}{\376\377\000F\000u\000n\000c\000t\000i\000o\000n\000\040\000D\000o\000c\000u\000m\000e\000n\000t\000a\000t\000i\000o\000n}{section.10.10}% 210
\BOOKMARK [3][-]{subsubsection.10.10.1.1}{\376\377\000S\0002\000M\000\137\000P\000a\000u\000s\000e\000G\000a\000m\000e}{subsection.10.10.1}% 211
\BOOKMARK [3][-]{subsubsection.10.10.1.2}{\376\377\000S\0002\000M\000\137\000U\000n\000p\000a\000u\000s\000e\000G\000a\000m\000e}{subsection.10.10.1}% 212
\BOOKMARK [2][-]{subsection.10.10.2}{\376\377\000V\000a\000r\000i\000a\000b\000l\000e\000\040\000D\000o\000c\000u\000m\000e\000n\000t\000a\000t\000i\000o\000n}{section.10.10}% 213
\BOOKMARK [3][-]{subsubsection.10.10.2.1}{\376\377\000g\000a\000m\000e\000I\000n\000P\000a\000u\000s\000e}{subsection.10.10.2}% 214
\BOOKMARK [1][-]{section.10.11}{\376\377\000s\000r\000c\000/\000p\000l\000a\000t\000f\000o\000r\000m\000e\000r\000/\000e\000n\000t\000i\000t\000y\000.\000c\000p\000p\000\040\000F\000i\000l\000e\000\040\000R\000e\000f\000e\000r\000e\000n\000c\000e}{chapter.10}% 215
\BOOKMARK [2][-]{subsection.10.11.1}{\376\377\000F\000u\000n\000c\000t\000i\000o\000n\000\040\000D\000o\000c\000u\000m\000e\000n\000t\000a\000t\000i\000o\000n}{section.10.11}% 216
\BOOKMARK [3][-]{subsubsection.10.11.1.1}{\376\377\000S\0002\000M\000\137\000C\000r\000e\000a\000t\000e\000E\000n\000t\000i\000t\000y}{subsection.10.11.1}% 217
\BOOKMARK [1][-]{section.10.12}{\376\377\000s\000r\000c\000/\000p\000l\000a\000t\000f\000o\000r\000m\000e\000r\000/\000e\000n\000t\000i\000t\000y\000.\000h\000\040\000F\000i\000l\000e\000\040\000R\000e\000f\000e\000r\000e\000n\000c\000e}{chapter.10}% 218
\BOOKMARK [2][-]{subsection.10.12.1}{\376\377\000F\000u\000n\000c\000t\000i\000o\000n\000\040\000D\000o\000c\000u\000m\000e\000n\000t\000a\000t\000i\000o\000n}{section.10.12}% 219
\BOOKMARK [3][-]{subsubsection.10.12.1.1}{\376\377\000S\0002\000M\000\137\000C\000r\000e\000a\000t\000e\000E\000n\000t\000i\000t\000y}{subsection.10.12.1}% 220
\BOOKMARK [1][-]{section.10.13}{\376\377\000s\000r\000c\000/\000p\000l\000a\000t\000f\000o\000r\000m\000e\000r\000/\000h\000e\000r\000o\000.\000h\000\040\000F\000i\000l\000e\000\040\000R\000e\000f\000e\000r\000e\000n\000c\000e}{chapter.10}% 221
\BOOKMARK [1][-]{section.10.14}{\376\377\000s\000r\000c\000/\000r\000o\000o\000m\000.\000c\000p\000p\000\040\000F\000i\000l\000e\000\040\000R\000e\000f\000e\000r\000e\000n\000c\000e}{chapter.10}% 222
\BOOKMARK [2][-]{subsection.10.14.1}{\376\377\000F\000u\000n\000c\000t\000i\000o\000n\000\040\000D\000o\000c\000u\000m\000e\000n\000t\000a\000t\000i\000o\000n}{section.10.14}% 223
\BOOKMARK [3][-]{subsubsection.10.14.1.1}{\376\377\000c\000o\000m\000p\000a\000r\000e\000O\000b\000j\000e\000c\000t\000s\000B\000y\000D\000e\000p\000t\000h}{subsection.10.14.1}% 224
\BOOKMARK [3][-]{subsubsection.10.14.1.2}{\376\377\000S\0002\000M\000\137\000C\000r\000e\000a\000t\000e\000R\000o\000o\000m}{subsection.10.14.1}% 225
\BOOKMARK [3][-]{subsubsection.10.14.1.3}{\376\377\000S\0002\000M\000\137\000C\000r\000e\000a\000t\000e\000R\000o\000o\000m}{subsection.10.14.1}% 226
\BOOKMARK [3][-]{subsubsection.10.14.1.4}{\376\377\000S\0002\000M\000\137\000S\000e\000t\000R\000o\000o\000m}{subsection.10.14.1}% 227
\BOOKMARK [3][-]{subsubsection.10.14.1.5}{\376\377\000S\0002\000M\000\137\000U\000p\000d\000a\000t\000e\000R\000o\000o\000m}{subsection.10.14.1}% 228
\BOOKMARK [2][-]{subsection.10.14.2}{\376\377\000V\000a\000r\000i\000a\000b\000l\000e\000\040\000D\000o\000c\000u\000m\000e\000n\000t\000a\000t\000i\000o\000n}{section.10.14}% 229
\BOOKMARK [3][-]{subsubsection.10.14.2.1}{\376\377\000g\000R\000o\000o\000m}{subsection.10.14.2}% 230
\BOOKMARK [1][-]{section.10.15}{\376\377\000s\000r\000c\000/\000r\000o\000o\000m\000.\000h\000\040\000F\000i\000l\000e\000\040\000R\000e\000f\000e\000r\000e\000n\000c\000e}{chapter.10}% 231
\BOOKMARK [2][-]{subsection.10.15.1}{\376\377\000M\000a\000c\000r\000o\000\040\000D\000e\000f\000i\000n\000i\000t\000i\000o\000n\000\040\000D\000o\000c\000u\000m\000e\000n\000t\000a\000t\000i\000o\000n}{section.10.15}% 232
\BOOKMARK [3][-]{subsubsection.10.15.1.1}{\376\377\000S\000T\000Y\000L\000E\000\137\000C\000E\000N\000T\000E\000R}{subsection.10.15.1}% 233
\BOOKMARK [3][-]{subsubsection.10.15.1.2}{\376\377\000S\000T\000Y\000L\000E\000\137\000F\000I\000L\000L}{subsection.10.15.1}% 234
\BOOKMARK [3][-]{subsubsection.10.15.1.3}{\376\377\000S\000T\000Y\000L\000E\000\137\000M\000O\000S\000A\000I\000C}{subsection.10.15.1}% 235
\BOOKMARK [3][-]{subsubsection.10.15.1.4}{\376\377\000S\000T\000Y\000L\000E\000\137\000M\000O\000S\000A\000I\000C\000\137\000P\000A\000R\000A\000L\000L\000A\000X}{subsection.10.15.1}% 236
\BOOKMARK [3][-]{subsubsection.10.15.1.5}{\376\377\000S\000T\000Y\000L\000E\000\137\000P\000A\000R\000A\000L\000L\000A\000X}{subsection.10.15.1}% 237
\BOOKMARK [3][-]{subsubsection.10.15.1.6}{\376\377\000S\000T\000Y\000L\000E\000\137\000S\000T\000A\000T\000I\000C}{subsection.10.15.1}% 238
\BOOKMARK [2][-]{subsection.10.15.2}{\376\377\000F\000u\000n\000c\000t\000i\000o\000n\000\040\000D\000o\000c\000u\000m\000e\000n\000t\000a\000t\000i\000o\000n}{section.10.15}% 239
\BOOKMARK [3][-]{subsubsection.10.15.2.1}{\376\377\000c\000o\000m\000p\000a\000r\000e\000O\000b\000j\000e\000c\000t\000s\000B\000y\000D\000e\000p\000t\000h}{subsection.10.15.2}% 240
\BOOKMARK [3][-]{subsubsection.10.15.2.2}{\376\377\000S\0002\000M\000\137\000C\000r\000e\000a\000t\000e\000R\000o\000o\000m}{subsection.10.15.2}% 241
\BOOKMARK [3][-]{subsubsection.10.15.2.3}{\376\377\000S\0002\000M\000\137\000C\000r\000e\000a\000t\000e\000R\000o\000o\000m}{subsection.10.15.2}% 242
\BOOKMARK [3][-]{subsubsection.10.15.2.4}{\376\377\000S\0002\000M\000\137\000S\000e\000t\000R\000o\000o\000m}{subsection.10.15.2}% 243
\BOOKMARK [3][-]{subsubsection.10.15.2.5}{\376\377\000S\0002\000M\000\137\000U\000p\000d\000a\000t\000e\000R\000o\000o\000m}{subsection.10.15.2}% 244
\BOOKMARK [2][-]{subsection.10.15.3}{\376\377\000V\000a\000r\000i\000a\000b\000l\000e\000\040\000D\000o\000c\000u\000m\000e\000n\000t\000a\000t\000i\000o\000n}{section.10.15}% 245
\BOOKMARK [3][-]{subsubsection.10.15.3.1}{\376\377\000g\000R\000o\000o\000m}{subsection.10.15.3}% 246
\BOOKMARK [1][-]{section.10.16}{\376\377\000s\000r\000c\000/\000S\0002\000M\000.\000h\000\040\000F\000i\000l\000e\000\040\000R\000e\000f\000e\000r\000e\000n\000c\000e}{chapter.10}% 247
\BOOKMARK [2][-]{subsection.10.16.1}{\376\377\000F\000u\000n\000c\000t\000i\000o\000n\000\040\000D\000o\000c\000u\000m\000e\000n\000t\000a\000t\000i\000o\000n}{section.10.16}% 248
\BOOKMARK [3][-]{subsubsection.10.16.1.1}{\376\377\000S\0002\000M\000\137\000U\000p\000d\000a\000t\000e}{subsection.10.16.1}% 249
\BOOKMARK [1][-]{section.10.17}{\376\377\000s\000r\000c\000/\000S\0002\000M\000\137\000P\000l\000a\000t\000f\000o\000r\000m\000e\000r\000.\000h\000\040\000F\000i\000l\000e\000\040\000R\000e\000f\000e\000r\000e\000n\000c\000e}{chapter.10}% 250
\BOOKMARK [1][-]{section.10.18}{\376\377\000s\000r\000c\000/\000s\000c\000r\000i\000p\000t\000.\000c\000p\000p\000\040\000F\000i\000l\000e\000\040\000R\000e\000f\000e\000r\000e\000n\000c\000e}{chapter.10}% 251
\BOOKMARK [2][-]{subsection.10.18.1}{\376\377\000V\000a\000r\000i\000a\000b\000l\000e\000\040\000D\000o\000c\000u\000m\000e\000n\000t\000a\000t\000i\000o\000n}{section.10.18}% 252
\BOOKMARK [3][-]{subsubsection.10.18.1.1}{\376\377\000i\000t\000n\000M\000a\000p}{subsection.10.18.1}% 253
\BOOKMARK [1][-]{section.10.19}{\376\377\000s\000r\000c\000/\000s\000c\000r\000i\000p\000t\000.\000h\000\040\000F\000i\000l\000e\000\040\000R\000e\000f\000e\000r\000e\000n\000c\000e}{chapter.10}% 254
\BOOKMARK [2][-]{subsection.10.19.1}{\376\377\000V\000a\000r\000i\000a\000b\000l\000e\000\040\000D\000o\000c\000u\000m\000e\000n\000t\000a\000t\000i\000o\000n}{section.10.19}% 255
\BOOKMARK [3][-]{subsubsection.10.19.1.1}{\376\377\000i\000t\000n\000M\000a\000p}{subsection.10.19.1}% 256
\BOOKMARK [-1][-]{section*.58}{\376\377\000I\000n\000d\000e\000x}{}% 257
